  IdealHash.cpp
C:\Users\lenov\OneDrive\Документи\GitHub\IdealHash\IdealHash\IdealHash\IdealHash.cpp(92,29): warning C4244: 'argument': conversion from '_Ty' to 'const unsigned __int64', possible loss of data
          with
          [
              _Ty=double
          ]
C:\Users\lenov\OneDrive\Документи\GitHub\IdealHash\IdealHash\IdealHash\IdealHash.cpp(93,29): warning C4244: 'argument': conversion from '_Ty' to 'const unsigned __int64', possible loss of data
          with
          [
              _Ty=double
          ]
C:\Users\lenov\OneDrive\Документи\GitHub\IdealHash\IdealHash\IdealHash\IdealHash.cpp(94,29): warning C4244: 'argument': conversion from '_Ty' to 'const unsigned __int64', possible loss of data
          with
          [
              _Ty=double
          ]
C:\Users\lenov\OneDrive\Документи\GitHub\IdealHash\IdealHash\IdealHash\IdealHash.cpp(95,29): warning C4244: 'argument': conversion from '_Ty' to 'const unsigned __int64', possible loss of data
          with
          [
              _Ty=double
          ]
C:\Users\lenov\OneDrive\Документи\GitHub\IdealHash\IdealHash\IdealHash\IdealHash.cpp(99,49): warning C4244: 'argument': conversion from '_Ty' to 'const unsigned __int64', possible loss of data
          with
          [
              _Ty=double
          ]
C:\Users\lenov\OneDrive\Документи\GitHub\IdealHash\IdealHash\IdealHash\IdealHash.cpp(100,33): warning C4244: 'argument': conversion from '_Ty' to 'const unsigned __int64', possible loss of data
          with
          [
              _Ty=double
          ]
C:\Users\lenov\OneDrive\Документи\GitHub\IdealHash\IdealHash\IdealHash\IdealHash.cpp(104,23): warning C4244: 'argument': conversion from '_Ty' to 'const unsigned __int64', possible loss of data
          with
          [
              _Ty=double
          ]
C:\Users\lenov\OneDrive\Документи\GitHub\IdealHash\IdealHash\IdealHash\IdealHash.cpp(104,68): warning C4244: 'argument': conversion from '_Ty' to 'const unsigned __int64', possible loss of data
          with
          [
              _Ty=double
          ]
C:\Users\lenov\OneDrive\Документи\GitHub\IdealHash\IdealHash\IdealHash\IdealHash.cpp(104,89): warning C4244: 'argument': conversion from '_Ty' to 'const unsigned __int64', possible loss of data
          with
          [
              _Ty=double
          ]
C:\Users\lenov\OneDrive\Документи\GitHub\IdealHash\IdealHash\IdealHash\IdealHash.cpp(104,110): warning C4244: 'argument': conversion from '_Ty' to 'const unsigned __int64', possible loss of data
          with
          [
              _Ty=double
          ]
C:\Users\lenov\OneDrive\Документи\GitHub\IdealHash\IdealHash\IdealHash\IdealHash.cpp(104,131): warning C4244: 'argument': conversion from '_Ty' to 'const unsigned __int64', possible loss of data
          with
          [
              _Ty=double
          ]
  IdealHash.vcxproj -> C:\Users\lenov\OneDrive\Документи\GitHub\IdealHash\IdealHash\x64\Debug\IdealHash.exe
